#
# There is insufficient memory for the Java Runtime Environment to continue.
# Native memory allocation (mmap) failed to map 266338304 bytes for G1 virtual space
# Possible reasons:
#   The system is out of physical RAM or swap space
#   The process is running with CompressedOops enabled, and the Java Heap may be blocking the growth of the native heap
# Possible solutions:
#   Reduce memory load on the system
#   Increase physical memory or swap space
#   Check if swap backing store is full
#   Decrease Java heap size (-Xmx/-Xms)
#   Decrease number of Java threads
#   Decrease Java thread stack sizes (-Xss)
#   Set larger code cache with -XX:ReservedCodeCacheSize=
#   JVM is running with Zero Based Compressed Oops mode in which the Java heap is
#     placed in the first 32GB address space. The Java Heap base address is the
#     maximum limit for the native heap growth. Please use -XX:HeapBaseMinAddress
#     to set the Java Heap base and to place the Java Heap above 32GB virtual address.
# This output file may be truncated or incomplete.
#
#  Out of Memory Error (os_windows.cpp:3613), pid=17520, tid=22120
#
# JRE version:  (17.0.10+7) (build )
# Java VM: OpenJDK 64-Bit Server VM (17.0.10+7-LTS, mixed mode, sharing, tiered, compressed oops, compressed class ptrs, g1 gc, windows-amd64)
# No core dump will be written. Minidumps are not enabled by default on client versions of Windows
#

---------------  S U M M A R Y ------------

Command Line: 

Host: Intel(R) Core(TM) i5-10210U CPU @ 1.60GHz, 8 cores, 15G,  Windows 10 , 64 bit Build 19041 (10.0.19041.3636)
Time: Wed Nov  6 10:39:13 2024 SE Asia Standard Time elapsed time: 0.576901 seconds (0d 0h 0m 0s)

---------------  T H R E A D  ---------------

Current thread (0x0000016f91eee280):  JavaThread "Unknown thread" [_thread_in_vm, id=22120, stack(0x0000006acb500000,0x0000006acb600000)]

Stack: [0x0000006acb500000,0x0000006acb600000]
Native frames: (J=compiled Java code, j=interpreted, Vv=VM code, C=native code)
V  [jvm.dll+0x67d2c9]
V  [jvm.dll+0x834b1a]
V  [jvm.dll+0x8365de]
V  [jvm.dll+0x836c43]
V  [jvm.dll+0x2477ff]
V  [jvm.dll+0x67a109]
V  [jvm.dll+0x66eb7a]
V  [jvm.dll+0x30764b]
V  [jvm.dll+0x30eaf6]
V  [jvm.dll+0x35e83e]
V  [jvm.dll+0x35ea6f]
V  [jvm.dll+0x2de248]
V  [jvm.dll+0x2df1b4]
V  [jvm.dll+0x806381]
V  [jvm.dll+0x36c6f1]
V  [jvm.dll+0x7e4e26]
V  [jvm.dll+0x3eff3f]
V  [jvm.dll+0x3f1b71]
C  [jli.dll+0x528f]
C  [ucrtbase.dll+0x21bb2]
C  [KERNEL32.DLL+0x17344]
C  [ntdll.dll+0x526b1]


---------------  P R O C E S S  ---------------

Threads class SMR info:
_java_thread_list=0x00007ffe9263ee98, length=0, elements={
}

Java Threads: ( => current thread )

Other Threads:
  0x0000016f91f58e00 GCTaskThread "GC Thread#0" [stack: 0x0000006acb600000,0x0000006acb700000] [id=24340]
  0x0000016f91f69a50 ConcurrentGCThread "G1 Main Marker" [stack: 0x0000006acb700000,0x0000006acb800000] [id=18824]
  0x0000016f91f6a470 ConcurrentGCThread "G1 Conc#0" [stack: 0x0000006acb800000,0x0000006acb900000] [id=29480]

[error occurred during error reporting (printing all threads), id 0xc0000005, EXCEPTION_ACCESS_VIOLATION (0xc0000005) at pc=0x00007ffe91dfec87]

VM state: not at safepoint (not fully initialized)

VM Mutex/Monitor currently owned by a thread:  ([mutex/lock_event])
[0x0000016f91ee9300] Heap_lock - owner thread: 0x0000016f91eee280

Heap address: 0x0000000703000000, size: 4048 MB, Compressed Oops mode: Zero based, Oop shift amount: 3

CDS archive(s) mapped at: [0x0000000000000000-0x0000000000000000-0x0000000000000000), size 0, SharedBaseAddress: 0x0000000800000000, ArchiveRelocationMode: 1.
Narrow klass base: 0x0000000000000000, Narrow klass shift: 0, Narrow klass range: 0x0

GC Precious Log:
<Empty>

Heap:
 garbage-first heap   total 0K, used 0K [0x0000000703000000, 0x0000000800000000)
  region size 2048K, 0 young (0K), 0 survivors (0K)

[error occurred during error reporting (printing heap information), id 0xc0000005, EXCEPTION_ACCESS_VIOLATION (0xc0000005) at pc=0x00007ffe921e6fb9]

GC Heap History (0 events):
No events

Dll operation events (1 events):
Event: 0.492 Loaded shared library C:\Program Files\Amazon Corretto\jdk17.0.10_7\bin\java.dll

Deoptimization events (0 events):
No events

Classes unloaded (0 events):
No events

Classes redefined (0 events):
No events

Internal exceptions (0 events):
No events

VM Operations (0 events):
No events

Events (0 events):
No events


Dynamic libraries:
0x00007ff757200000 - 0x00007ff75720e000 	C:\Program Files\Amazon Corretto\jdk17.0.10_7\bin\java.exe
0x00007ffee0a10000 - 0x00007ffee0c08000 	C:\Windows\SYSTEM32\ntdll.dll
0x00007ffee0450000 - 0x00007ffee050d000 	C:\Windows\System32\KERNEL32.DLL
0x00007ffede0a0000 - 0x00007ffede396000 	C:\Windows\System32\KERNELBASE.dll
0x00007ffede3a0000 - 0x00007ffede4a0000 	C:\Windows\System32\ucrtbase.dll
0x00007ffed4450000 - 0x00007ffed4467000 	C:\Program Files\Amazon Corretto\jdk17.0.10_7\bin\jli.dll
0x00007ffed1f10000 - 0x00007ffed1f2b000 	C:\Program Files\Amazon Corretto\jdk17.0.10_7\bin\VCRUNTIME140.dll
0x00007ffee00d0000 - 0x00007ffee026e000 	C:\Windows\System32\USER32.dll
0x00007ffede4a0000 - 0x00007ffede4c2000 	C:\Windows\System32\win32u.dll
0x00007ffee0420000 - 0x00007ffee044b000 	C:\Windows\System32\GDI32.dll
0x00007ffede540000 - 0x00007ffede657000 	C:\Windows\System32\gdi32full.dll
0x00007ffede880000 - 0x00007ffede91d000 	C:\Windows\System32\msvcp_win.dll
0x00007ffec2a80000 - 0x00007ffec2d1a000 	C:\Windows\WinSxS\amd64_microsoft.windows.common-controls_6595b64144ccf1df_6.0.19041.3636_none_60b6a03d71f818d5\COMCTL32.dll
0x00007ffedff00000 - 0x00007ffedff9e000 	C:\Windows\System32\msvcrt.dll
0x00007ffededf0000 - 0x00007ffedee22000 	C:\Windows\System32\IMM32.DLL
0x00007ffed4670000 - 0x00007ffed467c000 	C:\Program Files\Amazon Corretto\jdk17.0.10_7\bin\vcruntime140_1.dll
0x00007ffec1f70000 - 0x00007ffec1ffd000 	C:\Program Files\Amazon Corretto\jdk17.0.10_7\bin\msvcp140.dll
0x00007ffe91b10000 - 0x00007ffe92772000 	C:\Program Files\Amazon Corretto\jdk17.0.10_7\bin\server\jvm.dll
0x00007ffedf150000 - 0x00007ffedf203000 	C:\Windows\System32\ADVAPI32.dll
0x00007ffedee30000 - 0x00007ffedeecf000 	C:\Windows\System32\sechost.dll
0x00007ffedeb30000 - 0x00007ffedec56000 	C:\Windows\System32\RPCRT4.dll
0x00007ffede850000 - 0x00007ffede877000 	C:\Windows\System32\bcrypt.dll
0x00007ffedd9e0000 - 0x00007ffedda2b000 	C:\Windows\SYSTEM32\POWRPROF.dll
0x00007ffebc490000 - 0x00007ffebc499000 	C:\Windows\SYSTEM32\WSOCK32.dll
0x00007ffedeed0000 - 0x00007ffedef3b000 	C:\Windows\System32\WS2_32.dll
0x00007ffec6240000 - 0x00007ffec6267000 	C:\Windows\SYSTEM32\WINMM.dll
0x00007ffed38c0000 - 0x00007ffed38ca000 	C:\Windows\SYSTEM32\VERSION.dll
0x00007ffedd9c0000 - 0x00007ffedd9d2000 	C:\Windows\SYSTEM32\UMPDC.dll
0x00007ffedca10000 - 0x00007ffedca22000 	C:\Windows\SYSTEM32\kernel.appcore.dll
0x00007ffed1c80000 - 0x00007ffed1c8a000 	C:\Program Files\Amazon Corretto\jdk17.0.10_7\bin\jimage.dll
0x00007ffedbac0000 - 0x00007ffedbca4000 	C:\Windows\SYSTEM32\DBGHELP.DLL
0x00007ffeb0230000 - 0x00007ffeb0264000 	C:\Windows\SYSTEM32\dbgcore.DLL
0x00007ffede660000 - 0x00007ffede6e2000 	C:\Windows\System32\bcryptPrimitives.dll
0x00007ffed1870000 - 0x00007ffed1895000 	C:\Program Files\Amazon Corretto\jdk17.0.10_7\bin\java.dll

dbghelp: loaded successfully - version: 4.0.5 - missing functions: none
symbol engine: initialized successfully - sym options: 0x614 - pdb path: .;C:\Program Files\Amazon Corretto\jdk17.0.10_7\bin;C:\Windows\SYSTEM32;C:\Windows\WinSxS\amd64_microsoft.windows.common-controls_6595b64144ccf1df_6.0.19041.3636_none_60b6a03d71f818d5;C:\Program Files\Amazon Corretto\jdk17.0.10_7\bin\server

VM Arguments:
java_command: <unknown>
java_class_path (initial): <not set>
Launcher Type: SUN_STANDARD

[Global flags]
     intx CICompilerCount                          = 4                                         {product} {ergonomic}
     uint ConcGCThreads                            = 2                                         {product} {ergonomic}
     uint G1ConcRefinementThreads                  = 8                                         {product} {ergonomic}
   size_t G1HeapRegionSize                         = 2097152                                   {product} {ergonomic}
    uintx GCDrainStackTargetSize                   = 64                                        {product} {ergonomic}
   size_t InitialHeapSize                          = 266338304                                 {product} {ergonomic}
   size_t MarkStackSize                            = 4194304                                   {product} {ergonomic}
   size_t MaxHeapSize                              = 4244635648                                {product} {ergonomic}
   size_t MinHeapDeltaBytes                        = 2097152                                   {product} {ergonomic}
   size_t MinHeapSize                              = 8388608                                   {product} {ergonomic}
    uintx NonNMethodCodeHeapSize                   = 5839372                                {pd product} {ergonomic}
    uintx NonProfiledCodeHeapSize                  = 122909434                              {pd product} {ergonomic}
    uintx ProfiledCodeHeapSize                     = 122909434                              {pd product} {ergonomic}
    uintx ReservedCodeCacheSize                    = 251658240                              {pd product} {ergonomic}
     bool SegmentedCodeCache                       = true                                      {product} {ergonomic}
   size_t SoftMaxHeapSize                          = 4244635648                             {manageable} {ergonomic}
     bool UseCompressedClassPointers               = true                           {product lp64_product} {ergonomic}
     bool UseCompressedOops                        = true                           {product lp64_product} {ergonomic}
     bool UseG1GC                                  = true                                      {product} {ergonomic}
     bool UseLargePagesIndividualAllocation        = false                                  {pd product} {ergonomic}

Logging:
Log output configuration:
 #0: stdout all=warning uptime,level,tags
 #1: stderr all=off uptime,level,tags

Environment Variables:
JAVA_HOME=C:/Users/hieunm2/.jdks/jbr-17.0.7
PATH=C:\Users\hieunm2\AppData\Local\cloud-code\bin\versions\8dc9b2c2dae666aa01b76becf5aa19e4312198cf72941b9c987e1467fd48ffc1;C:\Users\hieunm2\AppData\Local\google\ct4j-cloud-sdk\LATEST\google-cloud-sdk\bin;C:\Users\hieunm2\AppData\Local\Programs\Python\Python310;C:\Users\hieunm2\AppData\Local\Programs\Python\Python310\Scripts;C:\Program Files\Amazon Corretto\jdk17.0.10_7\bin;C:\Program Files\Amazon Corretto\jdk17.0.10_7\bin;C:\Program Files\Common Files\Oracle\Java\javapath;C:\Program Files (x86)\Common Files\Oracle\Java\javapath;C:\Program Files\Java\jdk-11.0.19\bin;C:\Windows\system32;C:\Windows;C:\Windows\System32\Wbem;C:\Windows\System32\WindowsPowerShell\v1.0\;C:\Windows\System32\OpenSSH\;C:\Program Files\TortoiseSVN\bin;C:\Program Files\PuTTY\;C:\Program Files\nodejs\;C:\Program Files\PostgreSQL\14\bin;C:\Program Files\Amazon\AWSCLIV2\;D:\TOOLS\maven\apache-maven-3.9.4\apache-maven\src;%M2_HOME%\bin\bin;C:\Program Files\Docker\Docker\resources\bin;C:\Program Files\7-Zip;C:\Program Files\Git\mingw64\bin\;D:\Python_project\wkhtmltox-0.12.6-1.mxe-cross-win64\wkhtmltox\bin;C:\Users\hieunm2\AppData\Roaming\npm;C:\Program Files (x86)\Microsoft Visual Studio 14.0\VC;C:\Program Files (x86)\Microsoft Visual Studio 14.0\Common7\Tools;C:\Program Files (x86)\Microsoft Visual Studio 14.0\VC\bin;C:\Users\hieunm2\.pyenv\pyenv-win\bin;C:\Users\hieunm2\AppData\Local\Microsoft\WindowsApps;C:\Users\hieunm2\AppData\Local\Programs\Git\cmd;C:\Users\hieunm2\AppData\Local\Google\Cloud SDK\google-cloud-sdk\bin;C:\Users\hieunm2\AppData\Local\GitHubDesktop\bin;C:\Users\hieunm2\Downloads\gradle-8.1.1-bin\gradle-8.1.1\bin;D:\TOOLS\apache-maven-3.9.6-bin\apache-maven-3.9.6;C:\Users\hieunm2\AppData\Roaming\npm;C:\Users\hieunm2\AppData\Local\Programs\Microsoft VS Code\bin;D:\TOOLS\apache-maven-3.9.6-bin\apache-maven-3.9.6\bin;C:\Program Files\Amazon Corretto\jdk17.0.10_7\bin;
USERNAME=hieunm2
OS=Windows_NT
PROCESSOR_IDENTIFIER=Intel64 Family 6 Model 142 Stepping 12, GenuineIntel
TMP=C:\Users\hieunm2\AppData\Local\Temp
TEMP=C:\Users\hieunm2\AppData\Local\Temp



Periodic native trim disabled


---------------  S Y S T E M  ---------------

OS:
 Windows 10 , 64 bit Build 19041 (10.0.19041.3636)
OS uptime: 41 days 19:54 hours
Hyper-V role detected

CPU: total 8 (initial active 8) (4 cores per cpu, 2 threads per core) family 6 model 142 stepping 12 microcode 0xec, cx8, cmov, fxsr, ht, mmx, 3dnowpref, sse, sse2, sse3, ssse3, sse4.1, sse4.2, popcnt, lzcnt, tsc, tscinvbit, avx, avx2, aes, erms, clmul, bmi1, bmi2, adx, fma, vzeroupper, clflush, clflushopt, hv
Processor Information for all 8 processors :
  Max Mhz: 2101, Current Mhz: 2101, Mhz Limit: 2101

Memory: 4k page, system-wide physical 16190M (2942M free)
TotalPageFile size 41790M (AvailPageFile size 157M)
current process WorkingSet (physical memory assigned to process): 11M, peak: 11M
current process commit charge ("private bytes"): 60M, peak: 314M

vm_info: OpenJDK 64-Bit Server VM (17.0.10+7-LTS) for windows-amd64 JRE (17.0.10+7-LTS), built on Jan 10 2024 22:11:07 by "Administrator" with MS VC++ 16.10 / 16.11 (VS2019)

END.
