#
# There is insufficient memory for the Java Runtime Environment to continue.
# Native memory allocation (mmap) failed to map 266338304 bytes for G1 virtual space
# Possible reasons:
#   The system is out of physical RAM or swap space
#   The process is running with CompressedOops enabled, and the Java Heap may be blocking the growth of the native heap
# Possible solutions:
#   Reduce memory load on the system
#   Increase physical memory or swap space
#   Check if swap backing store is full
#   Decrease Java heap size (-Xmx/-Xms)
#   Decrease number of Java threads
#   Decrease Java thread stack sizes (-Xss)
#   Set larger code cache with -XX:ReservedCodeCacheSize=
#   JVM is running with Zero Based Compressed Oops mode in which the Java heap is
#     placed in the first 32GB address space. The Java Heap base address is the
#     maximum limit for the native heap growth. Please use -XX:HeapBaseMinAddress
#     to set the Java Heap base and to place the Java Heap above 32GB virtual address.
# This output file may be truncated or incomplete.
#
#  Out of Memory Error (os_windows.cpp:3771), pid=32044, tid=11840
#
# JRE version:  (17.0.7+7) (build )
# Java VM: OpenJDK 64-Bit Server VM (17.0.7+7-b979.4, mixed mode, sharing, tiered, compressed oops, compressed class ptrs, g1 gc, windows-amd64)
# No core dump will be written. Minidumps are not enabled by default on client versions of Windows
#

---------------  S U M M A R Y ------------

Command Line: -javaagent:C:\Users\hieunm2\IntelliJ IDEA 2023.1\lib\idea_rt.jar=61492:C:\Users\hieunm2\IntelliJ IDEA 2023.1\bin -Dfile.encoding=UTF-8 com.example.feigndemo.array_example.CreationOfArray

Host: Intel(R) Core(TM) i5-10210U CPU @ 1.60GHz, 8 cores, 15G,  Windows 10 , 64 bit Build 19041 (10.0.19041.3636)
Time: Fri Nov  8 10:00:39 2024 SE Asia Standard Time elapsed time: 0.019931 seconds (0d 0h 0m 0s)

---------------  T H R E A D  ---------------

Current thread (0x00000252047e1540):  JavaThread "Unknown thread" [_thread_in_vm, id=11840, stack(0x0000008d81e00000,0x0000008d81f00000)]

Stack: [0x0000008d81e00000,0x0000008d81f00000]
Native frames: (J=compiled Java code, j=interpreted, Vv=VM code, C=native code)
V  [jvm.dll+0x683b4a]  os::platform_print_native_stack+0xca  (os_windows_x86.cpp:235)
V  [jvm.dll+0x843004]  VMError::report+0xc34  (vmError.cpp:744)
V  [jvm.dll+0x84491e]  VMError::report_and_die+0x78e  (vmError.cpp:1585)
V  [jvm.dll+0x844f83]  VMError::report_and_die+0x43  (vmError.cpp:1371)
V  [jvm.dll+0x24ad2f]  report_vm_out_of_memory+0x8f  (debug.cpp:321)
V  [jvm.dll+0x680a19]  os::pd_commit_memory_or_exit+0xc9  (os_windows.cpp:3779)
V  [jvm.dll+0x6750ea]  os::commit_memory_or_exit+0x2a  (os.cpp:1754)
V  [jvm.dll+0x30b3cb]  G1PageBasedVirtualSpace::commit+0x19b  (g1PageBasedVirtualSpace.cpp:204)
V  [jvm.dll+0x312876]  G1RegionsLargerThanCommitSizeMapper::commit_regions+0x96  (g1RegionToSpaceMapper.cpp:100)
V  [jvm.dll+0x36221e]  HeapRegionManager::expand_any+0xee  (heapRegionManager.cpp:363)
V  [jvm.dll+0x36244f]  HeapRegionManager::expand_by+0x7f  (heapRegionManager.cpp:380)
V  [jvm.dll+0x2e14a8]  G1CollectedHeap::expand+0xb8  (g1CollectedHeap.cpp:1298)
V  [jvm.dll+0x2e2414]  G1CollectedHeap::initialize+0x664  (g1CollectedHeap.cpp:1719)
V  [jvm.dll+0x8142c1]  universe_init+0xb1  (universe.cpp:736)
V  [jvm.dll+0x36ffe1]  init_globals+0x31  (init.cpp:124)
V  [jvm.dll+0x7f389c]  Threads::create_vm+0x60c  (thread.cpp:2882)
V  [jvm.dll+0x3f305f]  JNI_CreateJavaVM_inner+0x8f  (jni.cpp:3635)
V  [jvm.dll+0x3f4b91]  JNI_CreateJavaVM+0x11  (jni.cpp:3727)
C  [jli.dll+0x528f]  JavaMain+0x113  (java.c:413)
C  [ucrtbase.dll+0x21bb2]
C  [KERNEL32.DLL+0x17344]
C  [ntdll.dll+0x526b1]


---------------  P R O C E S S  ---------------

Threads class SMR info:
_java_thread_list=0x00007ffe91f1d098, length=0, elements={
}

Java Threads: ( => current thread )

Other Threads:
  0x000002520484bfd0 GCTaskThread "GC Thread#0" [stack: 0x0000008d81f00000,0x0000008d82000000] [id=27248]
  0x000002520485cb20 ConcurrentGCThread "G1 Main Marker" [stack: 0x0000008d82000000,0x0000008d82100000] [id=13608]
  0x000002520485d440 ConcurrentGCThread "G1 Conc#0" [stack: 0x0000008d82100000,0x0000008d82200000] [id=16144]

[error occurred during error reporting (printing all threads), id 0xc0000005, EXCEPTION_ACCESS_VIOLATION (0xc0000005) at pc=0x00007ffe916d2087]

VM state: not at safepoint (not fully initialized)

VM Mutex/Monitor currently owned by a thread:  ([mutex/lock_event])
[0x00000252047dda90] Heap_lock - owner thread: 0x00000252047e1540

Heap address: 0x0000000703000000, size: 4048 MB, Compressed Oops mode: Zero based, Oop shift amount: 3

CDS archive(s) mapped at: [0x0000000000000000-0x0000000000000000-0x0000000000000000), size 0, SharedBaseAddress: 0x0000000800000000, ArchiveRelocationMode: 0.
Narrow klass base: 0x0000000000000000, Narrow klass shift: 0, Narrow klass range: 0x0

GC Precious Log:
<Empty>

Heap:
 garbage-first heap   total 0K, used 0K [0x0000000703000000, 0x0000000800000000)
  region size 2048K, 0 young (0K), 0 survivors (0K)

[error occurred during error reporting (printing heap information), id 0xc0000005, EXCEPTION_ACCESS_VIOLATION (0xc0000005) at pc=0x00007ffe91abddd9]

GC Heap History (0 events):
No events

Dll operation events (1 events):
Event: 0.011 Loaded shared library C:\Users\hieunm2\.jdks\jbr-17.0.7\bin\java.dll

Deoptimization events (0 events):
No events

Classes unloaded (0 events):
No events

Classes redefined (0 events):
No events

Internal exceptions (0 events):
No events

VM Operations (0 events):
No events

Events (0 events):
No events


Dynamic libraries:
0x00007ff67eba0000 - 0x00007ff67ebaa000 	C:\Users\hieunm2\.jdks\jbr-17.0.7\bin\java.exe
0x00007ffee0a10000 - 0x00007ffee0c08000 	C:\Windows\SYSTEM32\ntdll.dll
0x00007ffee0450000 - 0x00007ffee050d000 	C:\Windows\System32\KERNEL32.DLL
0x00007ffede0a0000 - 0x00007ffede396000 	C:\Windows\System32\KERNELBASE.dll
0x00007ffede3a0000 - 0x00007ffede4a0000 	C:\Windows\System32\ucrtbase.dll
0x00007ffed4130000 - 0x00007ffed4147000 	C:\Users\hieunm2\.jdks\jbr-17.0.7\bin\jli.dll
0x00007ffed3860000 - 0x00007ffed387b000 	C:\Users\hieunm2\.jdks\jbr-17.0.7\bin\VCRUNTIME140.dll
0x00007ffee00d0000 - 0x00007ffee026e000 	C:\Windows\System32\USER32.dll
0x00007ffec2a80000 - 0x00007ffec2d1a000 	C:\Windows\WinSxS\amd64_microsoft.windows.common-controls_6595b64144ccf1df_6.0.19041.3636_none_60b6a03d71f818d5\COMCTL32.dll
0x00007ffede4a0000 - 0x00007ffede4c2000 	C:\Windows\System32\win32u.dll
0x00007ffee0420000 - 0x00007ffee044b000 	C:\Windows\System32\GDI32.dll
0x00007ffedff00000 - 0x00007ffedff9e000 	C:\Windows\System32\msvcrt.dll
0x00007ffede540000 - 0x00007ffede657000 	C:\Windows\System32\gdi32full.dll
0x00007ffede880000 - 0x00007ffede91d000 	C:\Windows\System32\msvcp_win.dll
0x00007ffededf0000 - 0x00007ffedee22000 	C:\Windows\System32\IMM32.DLL
0x00007ffedb2d0000 - 0x00007ffedb2dc000 	C:\Users\hieunm2\.jdks\jbr-17.0.7\bin\vcruntime140_1.dll
0x00007ffeabc80000 - 0x00007ffeabd0d000 	C:\Users\hieunm2\.jdks\jbr-17.0.7\bin\msvcp140.dll
0x00007ffe913e0000 - 0x00007ffe92060000 	C:\Users\hieunm2\.jdks\jbr-17.0.7\bin\server\jvm.dll
0x00007ffedf150000 - 0x00007ffedf203000 	C:\Windows\System32\ADVAPI32.dll
0x00007ffedee30000 - 0x00007ffedeecf000 	C:\Windows\System32\sechost.dll
0x00007ffedeb30000 - 0x00007ffedec56000 	C:\Windows\System32\RPCRT4.dll
0x00007ffede850000 - 0x00007ffede877000 	C:\Windows\System32\bcrypt.dll
0x00007ffec6240000 - 0x00007ffec6267000 	C:\Windows\SYSTEM32\WINMM.dll
0x00007ffebc490000 - 0x00007ffebc499000 	C:\Windows\SYSTEM32\WSOCK32.dll
0x00007ffed38c0000 - 0x00007ffed38ca000 	C:\Windows\SYSTEM32\VERSION.dll
0x00007ffedeed0000 - 0x00007ffedef3b000 	C:\Windows\System32\WS2_32.dll
0x00007ffedca10000 - 0x00007ffedca22000 	C:\Windows\SYSTEM32\kernel.appcore.dll
0x00007ffedb2b0000 - 0x00007ffedb2ba000 	C:\Users\hieunm2\.jdks\jbr-17.0.7\bin\jimage.dll
0x00007ffedbac0000 - 0x00007ffedbca4000 	C:\Windows\SYSTEM32\DBGHELP.DLL
0x00007ffeb0230000 - 0x00007ffeb0264000 	C:\Windows\SYSTEM32\dbgcore.DLL
0x00007ffede660000 - 0x00007ffede6e2000 	C:\Windows\System32\bcryptPrimitives.dll
0x00007ffedb320000 - 0x00007ffedb32e000 	C:\Users\hieunm2\.jdks\jbr-17.0.7\bin\instrument.dll
0x00007ffed37b0000 - 0x00007ffed37d5000 	C:\Users\hieunm2\.jdks\jbr-17.0.7\bin\java.dll

dbghelp: loaded successfully - version: 4.0.5 - missing functions: none
symbol engine: initialized successfully - sym options: 0x614 - pdb path: .;C:\Users\hieunm2\.jdks\jbr-17.0.7\bin;C:\Windows\SYSTEM32;C:\Windows\WinSxS\amd64_microsoft.windows.common-controls_6595b64144ccf1df_6.0.19041.3636_none_60b6a03d71f818d5;C:\Users\hieunm2\.jdks\jbr-17.0.7\bin\server

VM Arguments:
jvm_args: -javaagent:C:\Users\hieunm2\IntelliJ IDEA 2023.1\lib\idea_rt.jar=61492:C:\Users\hieunm2\IntelliJ IDEA 2023.1\bin -Dfile.encoding=UTF-8 
java_command: com.example.feigndemo.array_example.CreationOfArray
java_class_path (initial): D:\java-project\feign-demo\target\classes;C:\Users\hieunm2\.m2\repository\org\springframework\boot\spring-boot-starter-web\3.3.5\spring-boot-starter-web-3.3.5.jar;C:\Users\hieunm2\.m2\repository\org\springframework\boot\spring-boot-starter\3.3.5\spring-boot-starter-3.3.5.jar;C:\Users\hieunm2\.m2\repository\org\springframework\boot\spring-boot\3.3.5\spring-boot-3.3.5.jar;C:\Users\hieunm2\.m2\repository\org\springframework\boot\spring-boot-autoconfigure\3.3.5\spring-boot-autoconfigure-3.3.5.jar;C:\Users\hieunm2\.m2\repository\org\springframework\boot\spring-boot-starter-logging\3.3.5\spring-boot-starter-logging-3.3.5.jar;C:\Users\hieunm2\.m2\repository\ch\qos\logback\logback-classic\1.5.11\logback-classic-1.5.11.jar;C:\Users\hieunm2\.m2\repository\ch\qos\logback\logback-core\1.5.11\logback-core-1.5.11.jar;C:\Users\hieunm2\.m2\repository\org\apache\logging\log4j\log4j-to-slf4j\2.23.1\log4j-to-slf4j-2.23.1.jar;C:\Users\hieunm2\.m2\repository\org\apache\logging\log4j\log4j-api\2.23.1\log4j-api-2.23.1.jar;C:\Users\hieunm2\.m2\repository\org\slf4j\jul-to-slf4j\2.0.16\jul-to-slf4j-2.0.16.jar;C:\Users\hieunm2\.m2\repository\jakarta\annotation\jakarta.annotation-api\2.1.1\jakarta.annotation-api-2.1.1.jar;C:\Users\hieunm2\.m2\repository\org\yaml\snakeyaml\2.2\snakeyaml-2.2.jar;C:\Users\hieunm2\.m2\repository\org\springframework\boot\spring-boot-starter-json\3.3.5\spring-boot-starter-json-3.3.5.jar;C:\Users\hieunm2\.m2\repository\com\fasterxml\jackson\core\jackson-databind\2.17.2\jackson-databind-2.17.2.jar;C:\Users\hieunm2\.m2\repository\com\fasterxml\jackson\core\jackson-annotations\2.17.2\jackson-annotations-2.17.2.jar;C:\Users\hieunm2\.m2\repository\com\fasterxml\jackson\core\jackson-core\2.17.2\jackson-core-2.17.2.jar;C:\Users\hieunm2\.m2\repository\com\fasterxml\jackson\datatype\jackson-datatype-jdk8\2.17.2\jackson-datatype-jdk8-2.17.2.jar;C:\Users\hieunm2\.m2\repository\com\fasterxml\jackson\datatype\jackson-datatype-jsr310\2.17.2\jackson-dat
Launcher Type: SUN_STANDARD

[Global flags]
     intx CICompilerCount                          = 4                                         {product} {ergonomic}
     uint ConcGCThreads                            = 2                                         {product} {ergonomic}
     uint G1ConcRefinementThreads                  = 8                                         {product} {ergonomic}
   size_t G1HeapRegionSize                         = 2097152                                   {product} {ergonomic}
    uintx GCDrainStackTargetSize                   = 64                                        {product} {ergonomic}
   size_t InitialHeapSize                          = 266338304                                 {product} {ergonomic}
   size_t MarkStackSize                            = 4194304                                   {product} {ergonomic}
   size_t MaxHeapSize                              = 4244635648                                {product} {ergonomic}
   size_t MinHeapDeltaBytes                        = 2097152                                   {product} {ergonomic}
   size_t MinHeapSize                              = 8388608                                   {product} {ergonomic}
    uintx NonNMethodCodeHeapSize                   = 5839372                                {pd product} {ergonomic}
    uintx NonProfiledCodeHeapSize                  = 122909434                              {pd product} {ergonomic}
    uintx ProfiledCodeHeapSize                     = 122909434                              {pd product} {ergonomic}
    uintx ReservedCodeCacheSize                    = 251658240                              {pd product} {ergonomic}
     bool SegmentedCodeCache                       = true                                      {product} {ergonomic}
   size_t SoftMaxHeapSize                          = 4244635648                             {manageable} {ergonomic}
     bool UseCompressedClassPointers               = true                           {product lp64_product} {ergonomic}
     bool UseCompressedOops                        = true                           {product lp64_product} {ergonomic}
     bool UseG1GC                                  = true                                      {product} {ergonomic}
     bool UseLargePagesIndividualAllocation        = false                                  {pd product} {ergonomic}

Logging:
Log output configuration:
 #0: stdout all=warning uptime,level,tags
 #1: stderr all=off uptime,level,tags

Environment Variables:
JAVA_HOME=C:\Program Files\Amazon Corretto\jdk17.0.10_7
PATH=C:\Users\hieunm2\AppData\Local\Programs\Python\Python310;C:\Users\hieunm2\AppData\Local\Programs\Python\Python310\Scripts;C:\Program Files\Amazon Corretto\jdk17.0.10_7\bin;C:\Program Files\Amazon Corretto\jdk17.0.10_7\bin;C:\Program Files\Common Files\Oracle\Java\javapath;C:\Program Files (x86)\Common Files\Oracle\Java\javapath;C:\Program Files\Java\jdk-11.0.19\bin;C:\Windows\system32;C:\Windows;C:\Windows\System32\Wbem;C:\Windows\System32\WindowsPowerShell\v1.0\;C:\Windows\System32\OpenSSH\;C:\Program Files\TortoiseSVN\bin;C:\Program Files\PuTTY\;C:\Program Files\nodejs\;C:\Program Files\PostgreSQL\14\bin;C:\Program Files\Amazon\AWSCLIV2\;D:\TOOLS\maven\apache-maven-3.9.4\apache-maven\src;%M2_HOME%\bin\bin;C:\Program Files\7-Zip;C:\Program Files\Git\mingw64\bin\;D:\Python_project\wkhtmltox-0.12.6-1.mxe-cross-win64\wkhtmltox\bin;C:\Users\hieunm2\AppData\Roaming\npm;C:\Program Files (x86)\Microsoft Visual Studio 14.0\VC;C:\Program Files (x86)\Microsoft Visual Studio 14.0\Common7\Tools;C:\Program Files (x86)\Microsoft Visual Studio 14.0\VC\bin;C:\Users\hieunm2\.pyenv\pyenv-win\bin;C:\Users\hieunm2\AppData\Local\Microsoft\WindowsApps;C:\Users\hieunm2\AppData\Local\Programs\Git\cmd;C:\Users\hieunm2\AppData\Local\Google\Cloud SDK\google-cloud-sdk\bin;C:\Users\hieunm2\AppData\Local\GitHubDesktop\bin;C:\Users\hieunm2\Downloads\gradle-8.1.1-bin\gradle-8.1.1\bin;D:\TOOLS\apache-maven-3.9.6-bin\apache-maven-3.9.6;C:\Users\hieunm2\AppData\Roaming\npm;C:\Users\hieunm2\AppData\Local\Programs\Microsoft VS Code\bin;D:\TOOLS\apache-maven-3.9.6-bin\apache-maven-3.9.6\bin;C:\Program Files\Amazon Corretto\jdk17.0.10_7\bin;
USERNAME=hieunm2
OS=Windows_NT
PROCESSOR_IDENTIFIER=Intel64 Family 6 Model 142 Stepping 12, GenuineIntel
TMP=C:\Users\hieunm2\AppData\Local\Temp
TEMP=C:\Users\hieunm2\AppData\Local\Temp


JNI global refs:

[error occurred during error reporting (JNI global references), id 0xc0000005, EXCEPTION_ACCESS_VIOLATION (0xc0000005) at pc=0x00007ffe91497fc0]

OOME stack traces (most recent first):
Classloader memory used:


---------------  S Y S T E M  ---------------

OS:
 Windows 10 , 64 bit Build 19041 (10.0.19041.3636)
OS uptime: 43 days 19:15 hours
Hyper-V role detected

CPU: total 8 (initial active 8) (4 cores per cpu, 2 threads per core) family 6 model 142 stepping 12 microcode 0xec, cx8, cmov, fxsr, ht, mmx, 3dnowpref, sse, sse2, sse3, ssse3, sse4.1, sse4.2, popcnt, lzcnt, tsc, tscinvbit, avx, avx2, aes, erms, clmul, bmi1, bmi2, adx, fma, vzeroupper, clflush, clflushopt, hv

Memory: 4k page, system-wide physical 16190M (3265M free)
TotalPageFile size 41790M (AvailPageFile size 61M)
current process WorkingSet (physical memory assigned to process): 37M, peak: 37M
current process commit charge ("private bytes"): 86M, peak: 314M

vm_info: OpenJDK 64-Bit Server VM (17.0.7+7-b979.4) for windows-amd64 JRE (17.0.7+7-b979.4), built on 2023-06-03 by "builduser" with MS VC++ 16.10 / 16.11 (VS2019)

END.
